<?xml version="1.0" encoding="UTF-8" ?>
<testsuite failures="0" time="0.128" errors="0" skipped="0" tests="6" name="com.dummiesmind.json.JSONProducerTest">
  <properties>
    <property name="java.runtime.name" value="Java(TM) SE Runtime Environment"/>
    <property name="sun.boot.library.path" value="/System/Library/Java/JavaVirtualMachines/1.6.0.jdk/Contents/Libraries"/>
    <property name="java.vm.version" value="20.14-b01-445"/>
    <property name="awt.nativeDoubleBuffering" value="true"/>
    <property name="gopherProxySet" value="false"/>
    <property name="mrj.build" value="11M4107"/>
    <property name="java.vm.vendor" value="Apple Inc."/>
    <property name="java.vendor.url" value="http://www.apple.com/"/>
    <property name="path.separator" value=":"/>
    <property name="java.vm.name" value="Java HotSpot(TM) 64-Bit Server VM"/>
    <property name="file.encoding.pkg" value="sun.io"/>
    <property name="user.country" value="US"/>
    <property name="sun.java.launcher" value="SUN_STANDARD"/>
    <property name="sun.os.patch.level" value="unknown"/>
    <property name="java.vm.specification.name" value="Java Virtual Machine Specification"/>
    <property name="user.dir" value="/Users/dummiesmind/Development/workspace/json.mapper"/>
    <property name="java.runtime.version" value="1.6.0_41-b02-445-11M4107"/>
    <property name="java.awt.graphicsenv" value="apple.awt.CGraphicsEnvironment"/>
    <property name="basedir" value="/Users/dummiesmind/Development/workspace/json.mapper"/>
    <property name="java.endorsed.dirs" value="/System/Library/Java/JavaVirtualMachines/1.6.0.jdk/Contents/Home/lib/endorsed"/>
    <property name="os.arch" value="x86_64"/>
    <property name="surefire.real.class.path" value="/Users/dummiesmind/Development/workspace/json.mapper/target/surefire/surefirebooter1560239325619638811.jar"/>
    <property name="java.io.tmpdir" value="/var/folders/02/9_052wc55mn57q61_06_nvc40000gn/T/"/>
    <property name="line.separator" value="
"/>
    <property name="java.vm.specification.vendor" value="Sun Microsystems Inc."/>
    <property name="os.name" value="Mac OS X"/>
    <property name="sun.jnu.encoding" value="MacRoman"/>
    <property name="java.library.path" value=".:/Library/Java/Extensions:/System/Library/Java/Extensions:/usr/lib/java"/>
    <property name="surefire.test.class.path" value="/Users/dummiesmind/Development/workspace/json.mapper/target/test-classes:/Users/dummiesmind/Development/workspace/json.mapper/target/classes:/Users/dummiesmind/.m2/repository/junit/junit/4.11/junit-4.11.jar:/Users/dummiesmind/.m2/repository/org/hamcrest/hamcrest-core/1.3/hamcrest-core-1.3.jar:/Users/dummiesmind/.m2/repository/ognl/ognl/3.0.6/ognl-3.0.6.jar:/Users/dummiesmind/.m2/repository/javassist/javassist/3.11.0.GA/javassist-3.11.0.GA.jar:/Users/dummiesmind/.m2/repository/org/mockito/mockito-all/1.9.5/mockito-all-1.9.5.jar:/Users/dummiesmind/.m2/repository/org/hamcrest/hamcrest-all/1.3/hamcrest-all-1.3.jar:/Users/dummiesmind/.m2/repository/org/json/json/20090211/json-20090211.jar:"/>
    <property name="java.specification.name" value="Java Platform API Specification"/>
    <property name="java.class.version" value="50.0"/>
    <property name="sun.management.compiler" value="HotSpot 64-Bit Tiered Compilers"/>
    <property name="os.version" value="10.8.2"/>
    <property name="http.nonProxyHosts" value="local|*.local|169.254/16|*.169.254/16"/>
    <property name="user.home" value="/Users/dummiesmind"/>
    <property name="user.timezone" value=""/>
    <property name="java.awt.printerjob" value="apple.awt.CPrinterJob"/>
    <property name="java.specification.version" value="1.6"/>
    <property name="file.encoding" value="MacRoman"/>
    <property name="user.name" value="dummiesmind"/>
    <property name="java.class.path" value="/Users/dummiesmind/Development/workspace/json.mapper/target/test-classes:/Users/dummiesmind/Development/workspace/json.mapper/target/classes:/Users/dummiesmind/.m2/repository/junit/junit/4.11/junit-4.11.jar:/Users/dummiesmind/.m2/repository/org/hamcrest/hamcrest-core/1.3/hamcrest-core-1.3.jar:/Users/dummiesmind/.m2/repository/ognl/ognl/3.0.6/ognl-3.0.6.jar:/Users/dummiesmind/.m2/repository/javassist/javassist/3.11.0.GA/javassist-3.11.0.GA.jar:/Users/dummiesmind/.m2/repository/org/mockito/mockito-all/1.9.5/mockito-all-1.9.5.jar:/Users/dummiesmind/.m2/repository/org/hamcrest/hamcrest-all/1.3/hamcrest-all-1.3.jar:/Users/dummiesmind/.m2/repository/org/json/json/20090211/json-20090211.jar:"/>
    <property name="java.vm.specification.version" value="1.0"/>
    <property name="sun.arch.data.model" value="64"/>
    <property name="java.home" value="/System/Library/Java/JavaVirtualMachines/1.6.0.jdk/Contents/Home"/>
    <property name="sun.java.command" value="/Users/dummiesmind/Development/workspace/json.mapper/target/surefire/surefirebooter1560239325619638811.jar /Users/dummiesmind/Development/workspace/json.mapper/target/surefire/surefire1640550492197929572tmp /Users/dummiesmind/Development/workspace/json.mapper/target/surefire/surefire1032832207826310901tmp"/>
    <property name="java.specification.vendor" value="Sun Microsystems Inc."/>
    <property name="user.language" value="en"/>
    <property name="awt.toolkit" value="apple.awt.CToolkit"/>
    <property name="java.vm.info" value="mixed mode"/>
    <property name="java.version" value="1.6.0_41"/>
    <property name="java.ext.dirs" value="/Library/Java/Extensions:/System/Library/Java/Extensions:/System/Library/Java/JavaVirtualMachines/1.6.0.jdk/Contents/Home/lib/ext"/>
    <property name="sun.boot.class.path" value="/System/Library/Java/JavaVirtualMachines/1.6.0.jdk/Contents/Classes/jsfd.jar:/System/Library/Java/JavaVirtualMachines/1.6.0.jdk/Contents/Classes/classes.jar:/System/Library/Frameworks/JavaVM.framework/Frameworks/JavaRuntimeSupport.framework/Resources/Java/JavaRuntimeSupport.jar:/System/Library/Java/JavaVirtualMachines/1.6.0.jdk/Contents/Classes/ui.jar:/System/Library/Java/JavaVirtualMachines/1.6.0.jdk/Contents/Classes/laf.jar:/System/Library/Java/JavaVirtualMachines/1.6.0.jdk/Contents/Classes/sunrsasign.jar:/System/Library/Java/JavaVirtualMachines/1.6.0.jdk/Contents/Classes/jsse.jar:/System/Library/Java/JavaVirtualMachines/1.6.0.jdk/Contents/Classes/jce.jar:/System/Library/Java/JavaVirtualMachines/1.6.0.jdk/Contents/Classes/charsets.jar"/>
    <property name="java.vendor" value="Apple Inc."/>
    <property name="localRepository" value="/Users/dummiesmind/.m2/repository"/>
    <property name="file.separator" value="/"/>
    <property name="java.vendor.url.bug" value="http://bugreport.apple.com/"/>
    <property name="sun.cpu.endian" value="little"/>
    <property name="sun.io.unicode.encoding" value="UnicodeLittle"/>
    <property name="mrj.version" value="1070.1.6.0_41-445"/>
    <property name="socksNonProxyHosts" value="local|*.local|169.254/16|*.169.254/16"/>
    <property name="ftp.nonProxyHosts" value="local|*.local|169.254/16|*.169.254/16"/>
    <property name="sun.cpu.isalist" value=""/>
  </properties>
  <testcase time="0.071" classname="com.dummiesmind.json.JSONProducerTest" name="createsJSONObjectForProperty_GivenNote_ReturnsJSONObject_WithDeepRelation"/>
  <testcase time="0.002" classname="com.dummiesmind.json.JSONProducerTest" name="createsJSONObjectForProperty_ReturnsJSONObject"/>
  <testcase time="0.004" classname="com.dummiesmind.json.JSONProducerTest" name="createsJSONArrayReturns_MultiplePropertiesForOneObjectInJSONArray"/>
  <testcase time="0" classname="com.dummiesmind.json.JSONProducerTest" name="createsJSONObjectForProperty_GivenNote_ReturnsJSONObject_WithPropertyNameAsKeyAndPropertyValueAsValue"/>
  <testcase time="0" classname="com.dummiesmind.json.JSONProducerTest" name="createsJSONObjectForProperty_GivenTask_ReturnsJSONObject_WithPropertyNameAsKeyAndPropertyValueAsValue"/>
  <testcase time="0.001" classname="com.dummiesmind.json.JSONProducerTest" name="createsListOfJSONArrayReturns_MultipleValuesMappedInArray_ForMultipleObjects"/>
</testsuite>