<?xml version="1.0" encoding="UTF-8" ?>
<testsuite name="com.dummiesmind.json.JSONProducerTest" skipped="0" tests="4" errors="0" time="0.328" failures="0">
  <properties>
    <property value="ON" name="java.assistive"/>
    <property value="Java(TM) 2 Runtime Environment, Standard Edition" name="java.runtime.name"/>
    <property value="false" name="ibm.signalhandling.rs"/>
    <property value="C:\Program Files\IBM\SDP_1\runtimes\base_v61\java\jre\bin" name="sun.boot.library.path"/>
    <property value="2.3" name="java.vm.version"/>
    <property value="scar" name="com.ibm.oti.configuration"/>
    <property value="IBM Corporation" name="java.vm.vendor"/>
    <property value="http://www.ibm.com/" name="java.vendor.url"/>
    <property value=";" name="path.separator"/>
    <property value="IBM J9 VM" name="java.vm.name"/>
    <property value="US" name="user.country"/>
    <property value="Cp437" name="console.encoding"/>
    <property value="Java Virtual Machine Specification" name="java.vm.specification.name"/>
    <property value="C:\Pawan&apos;sDev\_mygithub\JavaObjectToJSON" name="user.dir"/>
    <property value="pwi32devifx-20120208a (SR13 +IV14926)" name="java.runtime.version"/>
    <property value="J2RE 1.5.0 IBM J9 2.3 Windows XP x86-32 j9vmwi3223-20111020 (JIT enabled)
J9VM - 20111017_92807_lHdSMr
JIT  - 20110916_20782_r8
GC   - 20110524_AA" name="java.fullversion"/>
    <property value="sun.awt.Win32GraphicsEnvironment" name="java.awt.graphicsenv"/>
    <property value="C:\Pawan&apos;sDev\_mygithub\JavaObjectToJSON" name="basedir"/>
    <property value="x86" name="os.arch"/>
    <property value="32" name="com.ibm.vm.bitmode"/>
    <property value="C:\DOCUME~1\choprp1\LOCALS~1\Temp\surefirebooter3126115077014584358.jar" name="surefire.real.class.path"/>
    <property value="C:\DOCUME~1\choprp1\LOCALS~1\Temp\" name="java.io.tmpdir"/>
    <property value="" name="com.ibm.util.extralibs.properties"/>
    <property value="
" name="line.separator"/>
    <property value="Sun Microsystems Inc." name="java.vm.specification.vendor"/>
    <property value="" name="user.variant"/>
    <property value="" name="java.awt.fonts"/>
    <property value="Windows XP" name="os.name"/>
    <property value="" name="sun.java2d.fontpath"/>
    <property value="20111019" name="java.jcl.version"/>
    <property value="Cp1252" name="sun.jnu.encoding"/>
    <property value="C:\Program Files\IBM\SDP_1\runtimes\base_v61\java\jre\bin;C:\WINXP\system32;C:\WINXP;C:\RailsInstaller\Git\cmd;C:\RailsInstaller\Ruby1.8.7\bin;C:\Perl\site\bin;C:\Perl\bin;C:\ora\9iClient\bin;C:\WINXP\system32;C:\WINXP;C:\WINXP\System32\Wbem;C:\WINXP\system32\WindowsPowerShell\v1.0;C:\Program Files\Lotus\Notes;C:\Program Files\Intel\WiFi\bin\;C:\Program Files\Common Files\Ulead Systems\MPEG;C:\PROGRA~1\IBM\SQLLIB\BIN;C:\PROGRA~1\IBM\SQLLIB\FUNCTION;C:\PROGRA~1\IBM\SQLLIB\SAMPLES\REPL;C:\Program Files\Windows Imaging\;C:\Program Files\Microsoft SQL Server\100\Tools\Binn\;C:\Program Files\Microsoft SQL Server\100\DTS\Binn\;C:\Program Files\Microsoft SQL Server\100\Tools\Binn\VSShell\Common7\IDE\;C:\Program Files\Microsoft Visual Studio 9.0\Common7\IDE\PrivateAssemblies\;C:\Program Files\nodejs\;C:\Program Files\QuickTime\QTSystem\;C:\Program Files\TortoiseSVN\bin;C:\Program Files\Git\cmd;C:\Program Files\Git\bin;.;C:\apache-maven-2.2.1-bin\bin;C:\Program Files\IBM\SDP_1\runtimes\base_v61\java\bin;C:\Program Files\Java\jre1.6.0_06\bin;C:\Documents and Settings\choprp1\Application Data\npm;C:\Pawan&apos;sDev\MongoDb\bin;C:\Program Files\KDiff3\bin;C:\Pawan&apos;sDev\sonar-runner-2.2\bin;C:\Program Files\Git\cmd;C:\Program Files\Sublime Text 2;C:\Ruby193\bin;C:\Python33;C:\Program Files\GnuWin32\bin;." name="java.library.path"/>
    <property value="9" name="jxe.current.romimage.version"/>
    <property value="C:\Pawan&apos;sDev\_mygithub\JavaObjectToJSON\target\test-classes;C:\Pawan&apos;sDev\_mygithub\JavaObjectToJSON\target\classes;c:\OPOEM2\repository\junit\junit\4.11\junit-4.11.jar;c:\OPOEM2\repository\org\hamcrest\hamcrest-core\1.3\hamcrest-core-1.3.jar;c:\OPOEM2\repository\ognl\ognl\3.0.6\ognl-3.0.6.jar;c:\OPOEM2\repository\javassist\javassist\3.11.0.GA\javassist-3.11.0.GA.jar;c:\OPOEM2\repository\org\mockito\mockito-all\1.9.5\mockito-all-1.9.5.jar;c:\OPOEM2\repository\org\hamcrest\hamcrest-all\1.3\hamcrest-all-1.3.jar;c:\OPOEM2\repository\org\json\json\20080701\json-20080701.jar;" name="surefire.test.class.path"/>
    <property value="C:\Program Files\IBM\SDP_1\runtimes\base_v61\java\jre\bin" name="com.ibm.oti.vm.bootstrap.library.path"/>
    <property value="49.0" name="java.class.version"/>
    <property value="Java Platform API Specification" name="java.specification.name"/>
    <property value="little" name="com.ibm.cpu.endian"/>
    <property value="Cp1252" name="ibm.system.encoding"/>
    <property value="" name="invokedviajava"/>
    <property value="java.util.prefs.WindowsPreferencesFactory" name="java.util.prefs.PreferencesFactory"/>
    <property value="5.1 build 2600 Service Pack 3" name="os.version"/>
    <property value="23" name="com.ibm.oti.vm.library.version"/>
    <property value="C:\Documents and Settings\choprp1" name="user.home"/>
    <property value="" name="user.timezone"/>
    <property value="sun.awt.windows.WPrinterJob" name="java.awt.printerjob"/>
    <property value="1.5" name="java.specification.version"/>
    <property value="Cp1252" name="file.encoding"/>
    <property value="C:\Pawan&apos;sDev\_mygithub\JavaObjectToJSON\target\test-classes;C:\Pawan&apos;sDev\_mygithub\JavaObjectToJSON\target\classes;c:\OPOEM2\repository\junit\junit\4.11\junit-4.11.jar;c:\OPOEM2\repository\org\hamcrest\hamcrest-core\1.3\hamcrest-core-1.3.jar;c:\OPOEM2\repository\ognl\ognl\3.0.6\ognl-3.0.6.jar;c:\OPOEM2\repository\javassist\javassist\3.11.0.GA\javassist-3.11.0.GA.jar;c:\OPOEM2\repository\org\mockito\mockito-all\1.9.5\mockito-all-1.9.5.jar;c:\OPOEM2\repository\org\hamcrest\hamcrest-all\1.3\hamcrest-all-1.3.jar;c:\OPOEM2\repository\org\json\json\20080701\json-20080701.jar;" name="java.class.path"/>
    <property value="choprp1" name="user.name"/>
    <property value="1.0" name="java.vm.specification.version"/>
    <property value="C:\Program Files\IBM\SDP_1\runtimes\base_v61\java\jre" name="java.home"/>
    <property value="32" name="sun.arch.data.model"/>
    <property value="Sun Microsystems Inc." name="java.specification.vendor"/>
    <property value="true" name="ibm.signalhandling.sigint"/>
    <property value="en" name="user.language"/>
    <property value="20110714_1214" name="com.ibm.oti.jcl.build"/>
    <property value="UTF8" name="os.encoding"/>
    <property value="sun.awt.windows.WToolkit" name="awt.toolkit"/>
    <property value="J2RE 1.5.0 IBM J9 2.3 Windows XP x86-32 j9vmwi3223-20111020 (JIT enabled)
J9VM - 20111017_92807_lHdSMr
JIT  - 20110916_20782_r8
GC   - 20110524_AA" name="java.vm.info"/>
    <property value="1.5.0" name="java.version"/>
    <property value="C:\Program Files\IBM\SDP_1\runtimes\base_v61\java\jre\lib\ext" name="java.ext.dirs"/>
    <property value="C:\Program Files\IBM\SDP_1\runtimes\base_v61\java\jre\lib\vm.jar;C:\Program Files\IBM\SDP_1\runtimes\base_v61\java\jre\lib\core.jar;C:\Program Files\IBM\SDP_1\runtimes\base_v61\java\jre\lib\charsets.jar;C:\Program Files\IBM\SDP_1\runtimes\base_v61\java\jre\lib\graphics.jar;C:\Program Files\IBM\SDP_1\runtimes\base_v61\java\jre\lib\security.jar;C:\Program Files\IBM\SDP_1\runtimes\base_v61\java\jre\lib\ibmpkcs.jar;C:\Program Files\IBM\SDP_1\runtimes\base_v61\java\jre\lib\ibmorb.jar;C:\Program Files\IBM\SDP_1\runtimes\base_v61\java\jre\lib\ibmcfw.jar;C:\Program Files\IBM\SDP_1\runtimes\base_v61\java\jre\lib\ibmorbapi.jar;C:\Program Files\IBM\SDP_1\runtimes\base_v61\java\jre\lib\ibmjcefw.jar;C:\Program Files\IBM\SDP_1\runtimes\base_v61\java\jre\lib\ibmjgssprovider.jar;C:\Program Files\IBM\SDP_1\runtimes\base_v61\java\jre\lib\ibmjsseprovider2.jar;C:\Program Files\IBM\SDP_1\runtimes\base_v61\java\jre\lib\ibmjaaslm.jar;C:\Program Files\IBM\SDP_1\runtimes\base_v61\java\jre\lib\ibmjaasactivelm.jar;C:\Program Files\IBM\SDP_1\runtimes\base_v61\java\jre\lib\ibmcertpathprovider.jar;C:\Program Files\IBM\SDP_1\runtimes\base_v61\java\jre\lib\server.jar;C:\Program Files\IBM\SDP_1\runtimes\base_v61\java\jre\lib\xml.jar" name="sun.boot.class.path"/>
    <property value="9" name="jxe.lowest.romimage.version"/>
    <property value="IBM Corporation" name="java.vendor"/>
    <property value="c:/OPOEM2/repository" name="localRepository"/>
    <property value="\" name="file.separator"/>
    <property value="j9jit23" name="java.compiler"/>
    <property value="little" name="sun.cpu.endian"/>
    <property value="UnicodeLittle" name="sun.io.unicode.encoding"/>
    <property value="true" name="ibm.signalhandling.sigchain"/>
  </properties>
  <testcase classname="com.dummiesmind.json.JSONProducerTest" name="createsJSONObjectForProperty_ReturnsJSONObject" time="0.234"/>
  <testcase classname="com.dummiesmind.json.JSONProducerTest" name="createsJSONObjectForProperty_GivenTask_ReturnsJSONObject_WithPropertyNameAsKeyAndPropertyValueAsValue" time="0"/>
  <testcase classname="com.dummiesmind.json.JSONProducerTest" name="createsListOfJSONArrayReturns_MultipleValuesMappedInArray_ForMultipleObjects" time="0.063"/>
  <testcase classname="com.dummiesmind.json.JSONProducerTest" name="createsJSONObjectForProperty_GivenNote_ReturnsJSONObject_WithDeepRelation_usingOGNL" time="0"/>
</testsuite>